2025-05-05T04:34:05.696+07:00  INFO 7368 --- [Api-game-store] [restartedMain] v.e.h.a.ApiGameStoreApplication          : Starting ApiGameStoreApplication using Java 17.0.8 with PID 7368 (I:\cdjava\Api-game-store\target\classes started by hoang hai in I:\cdjava\Api-game-store)
2025-05-05T04:34:05.698+07:00  INFO 7368 --- [Api-game-store] [restartedMain] v.e.h.a.ApiGameStoreApplication          : No active profile set, falling back to 1 default profile: "default"
2025-05-05T04:34:05.725+07:00  INFO 7368 --- [Api-game-store] [restartedMain] .e.DevToolsPropertyDefaultsPostProcessor : Devtools property defaults active! Set 'spring.devtools.add-properties' to 'false' to disable
2025-05-05T04:34:05.726+07:00  INFO 7368 --- [Api-game-store] [restartedMain] .e.DevToolsPropertyDefaultsPostProcessor : For additional web related logging consider setting the 'logging.level.web' property to 'DEBUG'
2025-05-05T04:34:06.101+07:00  INFO 7368 --- [Api-game-store] [restartedMain] .s.d.r.c.RepositoryConfigurationDelegate : Bootstrapping Spring Data JPA repositories in DEFAULT mode.
2025-05-05T04:34:06.139+07:00  INFO 7368 --- [Api-game-store] [restartedMain] .s.d.r.c.RepositoryConfigurationDelegate : Finished Spring Data repository scanning in 31 ms. Found 1 JPA repository interface.
2025-05-05T04:34:06.408+07:00  INFO 7368 --- [Api-game-store] [restartedMain] o.s.b.w.embedded.tomcat.TomcatWebServer  : Tomcat initialized with port 8080 (http)
2025-05-05T04:34:06.415+07:00  INFO 7368 --- [Api-game-store] [restartedMain] o.apache.catalina.core.StandardService   : Starting service [Tomcat]
2025-05-05T04:34:06.416+07:00  INFO 7368 --- [Api-game-store] [restartedMain] o.apache.catalina.core.StandardEngine    : Starting Servlet engine: [Apache Tomcat/10.1.40]
2025-05-05T04:34:06.444+07:00  INFO 7368 --- [Api-game-store] [restartedMain] o.a.c.c.C.[Tomcat].[localhost].[/]       : Initializing Spring embedded WebApplicationContext
2025-05-05T04:34:06.444+07:00  INFO 7368 --- [Api-game-store] [restartedMain] w.s.c.ServletWebServerApplicationContext : Root WebApplicationContext: initialization completed in 718 ms
2025-05-05T04:34:06.523+07:00  INFO 7368 --- [Api-game-store] [restartedMain] o.hibernate.jpa.internal.util.LogHelper  : HHH000204: Processing PersistenceUnitInfo [name: default]
2025-05-05T04:34:06.556+07:00  INFO 7368 --- [Api-game-store] [restartedMain] org.hibernate.Version                    : HHH000412: Hibernate ORM core version 6.6.13.Final
2025-05-05T04:34:06.576+07:00  INFO 7368 --- [Api-game-store] [restartedMain] o.h.c.internal.RegionFactoryInitiator    : HHH000026: Second-level cache disabled
2025-05-05T04:34:06.732+07:00  INFO 7368 --- [Api-game-store] [restartedMain] o.s.o.j.p.SpringPersistenceUnitInfo      : No LoadTimeWeaver setup: ignoring JPA class transformer
2025-05-05T04:34:06.751+07:00  INFO 7368 --- [Api-game-store] [restartedMain] com.zaxxer.hikari.HikariDataSource       : HikariPool-1 - Starting...
2025-05-05T04:34:06.841+07:00  INFO 7368 --- [Api-game-store] [restartedMain] com.zaxxer.hikari.pool.HikariPool        : HikariPool-1 - Added connection org.postgresql.jdbc.PgConnection@2c403e80
2025-05-05T04:34:06.842+07:00  INFO 7368 --- [Api-game-store] [restartedMain] com.zaxxer.hikari.HikariDataSource       : HikariPool-1 - Start completed.
2025-05-05T04:34:06.860+07:00  WARN 7368 --- [Api-game-store] [restartedMain] org.hibernate.orm.deprecation            : HHH90000025: PostgreSQLDialect does not need to be specified explicitly using 'hibernate.dialect' (remove the property setting and it will be selected by default)
2025-05-05T04:34:06.874+07:00  INFO 7368 --- [Api-game-store] [restartedMain] org.hibernate.orm.connections.pooling    : HHH10001005: Database info:
	Database JDBC URL [Connecting through datasource 'HikariDataSource (HikariPool-1)']
	Database driver: undefined/unknown
	Database version: 17.4
	Autocommit mode: undefined/unknown
	Isolation level: undefined/unknown
	Minimum pool size: undefined/unknown
	Maximum pool size: undefined/unknown
2025-05-05T04:34:07.374+07:00  INFO 7368 --- [Api-game-store] [restartedMain] o.h.e.t.j.p.i.JtaPlatformInitiator       : HHH000489: No JTA platform available (set 'hibernate.transaction.jta.platform' to enable JTA platform integration)
2025-05-05T04:34:07.404+07:00  INFO 7368 --- [Api-game-store] [restartedMain] j.LocalContainerEntityManagerFactoryBean : Initialized JPA EntityManagerFactory for persistence unit 'default'
2025-05-05T04:34:07.596+07:00  WARN 7368 --- [Api-game-store] [restartedMain] JpaBaseConfiguration$JpaWebConfiguration : spring.jpa.open-in-view is enabled by default. Therefore, database queries may be performed during view rendering. Explicitly configure spring.jpa.open-in-view to disable this warning
2025-05-05T04:34:07.797+07:00  INFO 7368 --- [Api-game-store] [restartedMain] o.s.b.d.a.OptionalLiveReloadServer       : LiveReload server is running on port 35729
2025-05-05T04:34:07.823+07:00  INFO 7368 --- [Api-game-store] [restartedMain] o.s.b.w.embedded.tomcat.TomcatWebServer  : Tomcat started on port 8080 (http) with context path '/'
2025-05-05T04:34:07.828+07:00  INFO 7368 --- [Api-game-store] [restartedMain] v.e.h.a.ApiGameStoreApplication          : Started ApiGameStoreApplication in 2.428 seconds (process running for 2.874)
2025-05-05T04:34:19.263+07:00  INFO 7368 --- [Api-game-store] [http-nio-8080-exec-2] o.a.c.c.C.[Tomcat].[localhost].[/]       : Initializing Spring DispatcherServlet 'dispatcherServlet'
2025-05-05T04:34:19.264+07:00  INFO 7368 --- [Api-game-store] [http-nio-8080-exec-2] o.s.web.servlet.DispatcherServlet        : Initializing Servlet 'dispatcherServlet'
2025-05-05T04:34:19.264+07:00  INFO 7368 --- [Api-game-store] [http-nio-8080-exec-2] o.s.web.servlet.DispatcherServlet        : Completed initialization in 0 ms
2025-05-05T04:34:43.841+07:00  INFO 7368 --- [Api-game-store] [File Watcher] rtingClassPathChangeChangedEventListener : Restarting due to 1 class path change (0 additions, 0 deletions, 1 modification)
2025-05-05T04:34:43.843+07:00  INFO 7368 --- [Api-game-store] [Thread-5] o.s.b.w.e.tomcat.GracefulShutdown        : Commencing graceful shutdown. Waiting for active requests to complete
2025-05-05T04:34:43.905+07:00  INFO 7368 --- [Api-game-store] [tomcat-shutdown] o.s.b.w.e.tomcat.GracefulShutdown        : Graceful shutdown complete
2025-05-05T04:34:43.908+07:00  INFO 7368 --- [Api-game-store] [Thread-5] j.LocalContainerEntityManagerFactoryBean : Closing JPA EntityManagerFactory for persistence unit 'default'
2025-05-05T04:34:43.910+07:00  INFO 7368 --- [Api-game-store] [Thread-5] com.zaxxer.hikari.HikariDataSource       : HikariPool-1 - Shutdown initiated...
2025-05-05T04:34:43.911+07:00  INFO 7368 --- [Api-game-store] [Thread-5] com.zaxxer.hikari.HikariDataSource       : HikariPool-1 - Shutdown completed.
2025-05-05T04:34:43.966+07:00  INFO 7368 --- [Api-game-store] [restartedMain] v.e.h.a.ApiGameStoreApplication          : Starting ApiGameStoreApplication using Java 17.0.8 with PID 7368 (I:\cdjava\Api-game-store\target\classes started by hoang hai in I:\cdjava\Api-game-store)
2025-05-05T04:34:43.966+07:00  INFO 7368 --- [Api-game-store] [restartedMain] v.e.h.a.ApiGameStoreApplication          : No active profile set, falling back to 1 default profile: "default"
2025-05-05T04:34:44.048+07:00  INFO 7368 --- [Api-game-store] [restartedMain] .s.d.r.c.RepositoryConfigurationDelegate : Bootstrapping Spring Data JPA repositories in DEFAULT mode.
2025-05-05T04:34:44.057+07:00  INFO 7368 --- [Api-game-store] [restartedMain] .s.d.r.c.RepositoryConfigurationDelegate : Finished Spring Data repository scanning in 7 ms. Found 1 JPA repository interface.
2025-05-05T04:34:44.105+07:00  INFO 7368 --- [Api-game-store] [restartedMain] o.s.b.w.embedded.tomcat.TomcatWebServer  : Tomcat initialized with port 8080 (http)
2025-05-05T04:34:44.106+07:00  INFO 7368 --- [Api-game-store] [restartedMain] o.apache.catalina.core.StandardService   : Starting service [Tomcat]
2025-05-05T04:34:44.106+07:00  INFO 7368 --- [Api-game-store] [restartedMain] o.apache.catalina.core.StandardEngine    : Starting Servlet engine: [Apache Tomcat/10.1.40]
2025-05-05T04:34:44.120+07:00  INFO 7368 --- [Api-game-store] [restartedMain] o.a.c.c.C.[Tomcat].[localhost].[/]       : Initializing Spring embedded WebApplicationContext
2025-05-05T04:34:44.121+07:00  INFO 7368 --- [Api-game-store] [restartedMain] w.s.c.ServletWebServerApplicationContext : Root WebApplicationContext: initialization completed in 154 ms
2025-05-05T04:34:44.139+07:00  INFO 7368 --- [Api-game-store] [restartedMain] o.hibernate.jpa.internal.util.LogHelper  : HHH000204: Processing PersistenceUnitInfo [name: default]
2025-05-05T04:34:44.140+07:00  INFO 7368 --- [Api-game-store] [restartedMain] o.h.c.internal.RegionFactoryInitiator    : HHH000026: Second-level cache disabled
2025-05-05T04:34:44.147+07:00  INFO 7368 --- [Api-game-store] [restartedMain] o.s.o.j.p.SpringPersistenceUnitInfo      : No LoadTimeWeaver setup: ignoring JPA class transformer
2025-05-05T04:34:44.147+07:00  INFO 7368 --- [Api-game-store] [restartedMain] com.zaxxer.hikari.HikariDataSource       : HikariPool-2 - Starting...
2025-05-05T04:34:44.163+07:00  INFO 7368 --- [Api-game-store] [restartedMain] com.zaxxer.hikari.pool.HikariPool        : HikariPool-2 - Added connection org.postgresql.jdbc.PgConnection@5c9a8728
2025-05-05T04:34:44.163+07:00  INFO 7368 --- [Api-game-store] [restartedMain] com.zaxxer.hikari.HikariDataSource       : HikariPool-2 - Start completed.
2025-05-05T04:34:44.165+07:00  WARN 7368 --- [Api-game-store] [restartedMain] org.hibernate.orm.deprecation            : HHH90000025: PostgreSQLDialect does not need to be specified explicitly using 'hibernate.dialect' (remove the property setting and it will be selected by default)
2025-05-05T04:34:44.166+07:00  INFO 7368 --- [Api-game-store] [restartedMain] org.hibernate.orm.connections.pooling    : HHH10001005: Database info:
	Database JDBC URL [Connecting through datasource 'HikariDataSource (HikariPool-2)']
	Database driver: undefined/unknown
	Database version: 17.4
	Autocommit mode: undefined/unknown
	Isolation level: undefined/unknown
	Minimum pool size: undefined/unknown
	Maximum pool size: undefined/unknown
2025-05-05T04:34:44.194+07:00  INFO 7368 --- [Api-game-store] [restartedMain] o.h.e.t.j.p.i.JtaPlatformInitiator       : HHH000489: No JTA platform available (set 'hibernate.transaction.jta.platform' to enable JTA platform integration)
2025-05-05T04:34:44.202+07:00  INFO 7368 --- [Api-game-store] [restartedMain] j.LocalContainerEntityManagerFactoryBean : Initialized JPA EntityManagerFactory for persistence unit 'default'
2025-05-05T04:34:44.237+07:00  WARN 7368 --- [Api-game-store] [restartedMain] JpaBaseConfiguration$JpaWebConfiguration : spring.jpa.open-in-view is enabled by default. Therefore, database queries may be performed during view rendering. Explicitly configure spring.jpa.open-in-view to disable this warning
2025-05-05T04:34:44.288+07:00  INFO 7368 --- [Api-game-store] [restartedMain] o.s.b.d.a.OptionalLiveReloadServer       : LiveReload server is running on port 35729
2025-05-05T04:34:44.296+07:00  INFO 7368 --- [Api-game-store] [restartedMain] o.s.b.w.embedded.tomcat.TomcatWebServer  : Tomcat started on port 8080 (http) with context path '/'
2025-05-05T04:34:44.299+07:00  INFO 7368 --- [Api-game-store] [restartedMain] v.e.h.a.ApiGameStoreApplication          : Started ApiGameStoreApplication in 0.35 seconds (process running for 39.344)
2025-05-05T04:34:44.300+07:00  INFO 7368 --- [Api-game-store] [restartedMain] .ConditionEvaluationDeltaLoggingListener : Condition evaluation unchanged
2025-05-05T04:35:38.678+07:00  INFO 7368 --- [Api-game-store] [File Watcher] rtingClassPathChangeChangedEventListener : Restarting due to 1 class path change (0 additions, 0 deletions, 1 modification)
2025-05-05T04:35:38.680+07:00  INFO 7368 --- [Api-game-store] [Thread-7] o.s.b.w.e.tomcat.GracefulShutdown        : Commencing graceful shutdown. Waiting for active requests to complete
2025-05-05T04:35:38.740+07:00  INFO 7368 --- [Api-game-store] [tomcat-shutdown] o.s.b.w.e.tomcat.GracefulShutdown        : Graceful shutdown complete
2025-05-05T04:35:38.741+07:00  INFO 7368 --- [Api-game-store] [Thread-7] j.LocalContainerEntityManagerFactoryBean : Closing JPA EntityManagerFactory for persistence unit 'default'
2025-05-05T04:35:38.742+07:00  INFO 7368 --- [Api-game-store] [Thread-7] com.zaxxer.hikari.HikariDataSource       : HikariPool-2 - Shutdown initiated...
2025-05-05T04:35:38.744+07:00  INFO 7368 --- [Api-game-store] [Thread-7] com.zaxxer.hikari.HikariDataSource       : HikariPool-2 - Shutdown completed.
2025-05-05T04:35:38.796+07:00  INFO 7368 --- [Api-game-store] [restartedMain] v.e.h.a.ApiGameStoreApplication          : Starting ApiGameStoreApplication using Java 17.0.8 with PID 7368 (I:\cdjava\Api-game-store\target\classes started by hoang hai in I:\cdjava\Api-game-store)
2025-05-05T04:35:38.796+07:00  INFO 7368 --- [Api-game-store] [restartedMain] v.e.h.a.ApiGameStoreApplication          : No active profile set, falling back to 1 default profile: "default"
2025-05-05T04:35:38.896+07:00  INFO 7368 --- [Api-game-store] [restartedMain] .s.d.r.c.RepositoryConfigurationDelegate : Bootstrapping Spring Data JPA repositories in DEFAULT mode.
2025-05-05T04:35:38.903+07:00  INFO 7368 --- [Api-game-store] [restartedMain] .s.d.r.c.RepositoryConfigurationDelegate : Finished Spring Data repository scanning in 6 ms. Found 1 JPA repository interface.
2025-05-05T04:35:38.947+07:00  INFO 7368 --- [Api-game-store] [restartedMain] o.s.b.w.embedded.tomcat.TomcatWebServer  : Tomcat initialized with port 8080 (http)
2025-05-05T04:35:38.947+07:00  INFO 7368 --- [Api-game-store] [restartedMain] o.apache.catalina.core.StandardService   : Starting service [Tomcat]
2025-05-05T04:35:38.947+07:00  INFO 7368 --- [Api-game-store] [restartedMain] o.apache.catalina.core.StandardEngine    : Starting Servlet engine: [Apache Tomcat/10.1.40]
2025-05-05T04:35:38.960+07:00  INFO 7368 --- [Api-game-store] [restartedMain] o.a.c.c.C.[Tomcat].[localhost].[/]       : Initializing Spring embedded WebApplicationContext
2025-05-05T04:35:38.961+07:00  INFO 7368 --- [Api-game-store] [restartedMain] w.s.c.ServletWebServerApplicationContext : Root WebApplicationContext: initialization completed in 164 ms
2025-05-05T04:35:38.977+07:00  INFO 7368 --- [Api-game-store] [restartedMain] o.hibernate.jpa.internal.util.LogHelper  : HHH000204: Processing PersistenceUnitInfo [name: default]
2025-05-05T04:35:38.978+07:00  INFO 7368 --- [Api-game-store] [restartedMain] o.h.c.internal.RegionFactoryInitiator    : HHH000026: Second-level cache disabled
2025-05-05T04:35:38.983+07:00  INFO 7368 --- [Api-game-store] [restartedMain] o.s.o.j.p.SpringPersistenceUnitInfo      : No LoadTimeWeaver setup: ignoring JPA class transformer
2025-05-05T04:35:38.983+07:00  INFO 7368 --- [Api-game-store] [restartedMain] com.zaxxer.hikari.HikariDataSource       : HikariPool-3 - Starting...
2025-05-05T04:35:38.999+07:00  INFO 7368 --- [Api-game-store] [restartedMain] com.zaxxer.hikari.pool.HikariPool        : HikariPool-3 - Added connection org.postgresql.jdbc.PgConnection@162821e6
2025-05-05T04:35:38.999+07:00  INFO 7368 --- [Api-game-store] [restartedMain] com.zaxxer.hikari.HikariDataSource       : HikariPool-3 - Start completed.
2025-05-05T04:35:39.003+07:00  WARN 7368 --- [Api-game-store] [restartedMain] org.hibernate.orm.deprecation            : HHH90000025: PostgreSQLDialect does not need to be specified explicitly using 'hibernate.dialect' (remove the property setting and it will be selected by default)
2025-05-05T04:35:39.005+07:00  INFO 7368 --- [Api-game-store] [restartedMain] org.hibernate.orm.connections.pooling    : HHH10001005: Database info:
	Database JDBC URL [Connecting through datasource 'HikariDataSource (HikariPool-3)']
	Database driver: undefined/unknown
	Database version: 17.4
	Autocommit mode: undefined/unknown
	Isolation level: undefined/unknown
	Minimum pool size: undefined/unknown
	Maximum pool size: undefined/unknown
2025-05-05T04:35:39.030+07:00  INFO 7368 --- [Api-game-store] [restartedMain] o.h.e.t.j.p.i.JtaPlatformInitiator       : HHH000489: No JTA platform available (set 'hibernate.transaction.jta.platform' to enable JTA platform integration)
2025-05-05T04:35:39.037+07:00  INFO 7368 --- [Api-game-store] [restartedMain] j.LocalContainerEntityManagerFactoryBean : Initialized JPA EntityManagerFactory for persistence unit 'default'
2025-05-05T04:35:39.068+07:00  WARN 7368 --- [Api-game-store] [restartedMain] JpaBaseConfiguration$JpaWebConfiguration : spring.jpa.open-in-view is enabled by default. Therefore, database queries may be performed during view rendering. Explicitly configure spring.jpa.open-in-view to disable this warning
2025-05-05T04:35:39.116+07:00  INFO 7368 --- [Api-game-store] [restartedMain] o.s.b.d.a.OptionalLiveReloadServer       : LiveReload server is running on port 35729
2025-05-05T04:35:39.122+07:00  INFO 7368 --- [Api-game-store] [restartedMain] o.s.b.w.embedded.tomcat.TomcatWebServer  : Tomcat started on port 8080 (http) with context path '/'
2025-05-05T04:35:39.125+07:00  INFO 7368 --- [Api-game-store] [restartedMain] v.e.h.a.ApiGameStoreApplication          : Started ApiGameStoreApplication in 0.346 seconds (process running for 94.171)
2025-05-05T04:35:39.127+07:00  INFO 7368 --- [Api-game-store] [restartedMain] .ConditionEvaluationDeltaLoggingListener : Condition evaluation unchanged
2025-05-05T04:35:40.426+07:00  INFO 7368 --- [Api-game-store] [http-nio-8080-exec-2] o.a.c.c.C.[Tomcat].[localhost].[/]       : Initializing Spring DispatcherServlet 'dispatcherServlet'
2025-05-05T04:35:40.426+07:00  INFO 7368 --- [Api-game-store] [http-nio-8080-exec-2] o.s.web.servlet.DispatcherServlet        : Initializing Servlet 'dispatcherServlet'
2025-05-05T04:35:40.427+07:00  INFO 7368 --- [Api-game-store] [http-nio-8080-exec-2] o.s.web.servlet.DispatcherServlet        : Completed initialization in 1 ms
2025-05-05T04:38:45.237+07:00  INFO 7368 --- [Api-game-store] [SpringApplicationShutdownHook] o.s.b.w.e.tomcat.GracefulShutdown        : Commencing graceful shutdown. Waiting for active requests to complete
2025-05-05T04:38:45.292+07:00  INFO 7368 --- [Api-game-store] [tomcat-shutdown] o.s.b.w.e.tomcat.GracefulShutdown        : Graceful shutdown complete
2025-05-05T04:38:45.293+07:00  INFO 7368 --- [Api-game-store] [SpringApplicationShutdownHook] j.LocalContainerEntityManagerFactoryBean : Closing JPA EntityManagerFactory for persistence unit 'default'
2025-05-05T04:38:45.294+07:00  INFO 7368 --- [Api-game-store] [SpringApplicationShutdownHook] com.zaxxer.hikari.HikariDataSource       : HikariPool-3 - Shutdown initiated...
2025-05-05T04:38:45.295+07:00  INFO 7368 --- [Api-game-store] [SpringApplicationShutdownHook] com.zaxxer.hikari.HikariDataSource       : HikariPool-3 - Shutdown completed.
